0 info it worked if it ends with ok
1 verbose cli [ 'node',
1 verbose cli   'C:\\Users\\wilso_000\\AppData\\Roaming\\npm\\node_modules\\npm\\bin\\npm-cli.js',
1 verbose cli   'start' ]
2 info using npm@2.12.1
3 info using node@v0.12.2
4 verbose run-script [ 'prestart', 'start', 'poststart' ]
5 info prestart Server@0.0.0
6 info start Server@0.0.0
7 verbose unsafe-perm in lifecycle true
8 info Server@0.0.0 Failed to exec start script
9 verbose stack Error: Server@0.0.0 start: `node ./bin/www`
9 verbose stack Exit status 1
9 verbose stack     at EventEmitter.<anonymous> (C:\Users\wilso_000\AppData\Roaming\npm\node_modules\npm\lib\utils\lifecycle.js:213:16)
9 verbose stack     at EventEmitter.emit (events.js:110:17)
9 verbose stack     at ChildProcess.<anonymous> (C:\Users\wilso_000\AppData\Roaming\npm\node_modules\npm\lib\utils\spawn.js:24:14)
9 verbose stack     at ChildProcess.emit (events.js:110:17)
9 verbose stack     at maybeClose (child_process.js:1015:16)
9 verbose stack     at Process.ChildProcess._handle.onexit (child_process.js:1087:5)
10 verbose pkgid Server@0.0.0
11 verbose cwd C:\Users\wilso_000\App\Basketball\Server
12 error Windows_NT 6.3.9600
13 error argv "node" "C:\\Users\\wilso_000\\AppData\\Roaming\\npm\\node_modules\\npm\\bin\\npm-cli.js" "start"
14 error node v0.12.2
15 error npm  v2.12.1
16 error code ELIFECYCLE
17 error Server@0.0.0 start: `node ./bin/www`
17 error Exit status 1
18 error Failed at the Server@0.0.0 start script 'node ./bin/www'.
18 error This is most likely a problem with the Server package,
18 error not with npm itself.
18 error Tell the author that this fails on your system:
18 error     node ./bin/www
18 error You can get their info via:
18 error     npm owner ls Server
18 error There is likely additional logging output above.
19 verbose exit [ 1, true ]
