0 info it worked if it ends with ok
1 verbose cli [ 'node',
1 verbose cli   'C:\\Users\\wilso_000\\AppData\\Roaming\\npm\\node_modules\\npm\\bin\\npm-cli.js',
1 verbose cli   'run',
1 verbose cli   'protractor' ]
2 info using npm@2.12.1
3 info using node@v0.12.2
4 verbose run-script [ 'preprotractor', 'protractor', 'postprotractor' ]
5 info preprotractor angular-seed@0.0.0
6 verbose unsafe-perm in lifecycle true
7 info protractor angular-seed@0.0.0
8 verbose unsafe-perm in lifecycle true
9 info angular-seed@0.0.0 Failed to exec protractor script
10 verbose stack Error: angular-seed@0.0.0 protractor: `protractor e2e-tests/protractor.conf.js`
10 verbose stack Exit status 1
10 verbose stack     at EventEmitter.<anonymous> (C:\Users\wilso_000\AppData\Roaming\npm\node_modules\npm\lib\utils\lifecycle.js:213:16)
10 verbose stack     at EventEmitter.emit (events.js:110:17)
10 verbose stack     at ChildProcess.<anonymous> (C:\Users\wilso_000\AppData\Roaming\npm\node_modules\npm\lib\utils\spawn.js:24:14)
10 verbose stack     at ChildProcess.emit (events.js:110:17)
10 verbose stack     at maybeClose (child_process.js:1015:16)
10 verbose stack     at Process.ChildProcess._handle.onexit (child_process.js:1087:5)
11 verbose pkgid angular-seed@0.0.0
12 verbose cwd C:\Users\wilso_000\App\Basketball\WebAdmin
13 error Windows_NT 6.3.9600
14 error argv "node" "C:\\Users\\wilso_000\\AppData\\Roaming\\npm\\node_modules\\npm\\bin\\npm-cli.js" "run" "protractor"
15 error node v0.12.2
16 error npm  v2.12.1
17 error code ELIFECYCLE
18 error angular-seed@0.0.0 protractor: `protractor e2e-tests/protractor.conf.js`
18 error Exit status 1
19 error Failed at the angular-seed@0.0.0 protractor script 'protractor e2e-tests/protractor.conf.js'.
19 error This is most likely a problem with the angular-seed package,
19 error not with npm itself.
19 error Tell the author that this fails on your system:
19 error     protractor e2e-tests/protractor.conf.js
19 error You can get their info via:
19 error     npm owner ls angular-seed
19 error There is likely additional logging output above.
20 verbose exit [ 1, true ]
